[1/3] Building cmd/emulator-matrix + cmd/emulator-cleanup from /run/media/milosvasic/DATA4TB/Projects/Lava/Submodules/Containers ...
[0/3] Pre-boot qemu-zombie cleanup (clause 6.M action item, via Containers cmd/emulator-cleanup) ...
emulator-cleanup: found=1 terminated=1 killed=0 surviving=0 skipped=0
{
  "Found": [
    301434
  ],
  "TerminatedTERM": [
    301434
  ],
  "KilledKILL": null,
  "Surviving": null,
  "SkippedReadErr": null
}
[2/3] Building Lava debug APK ...
To honour the JVM settings for this build a single-use Daemon process will be forked. For more on this, please refer to https://docs.gradle.org/8.9/userguide/gradle_daemon.html#sec:disabling_the_daemon in the Gradle documentation.
Daemon will be stopped at the end of the build 
> Task :buildSrc:checkKotlinGradlePluginConfigurationErrors
> Task :buildSrc:compileKotlin UP-TO-DATE
> Task :buildSrc:compileJava NO-SOURCE
> Task :buildSrc:compileGroovy NO-SOURCE
> Task :buildSrc:pluginDescriptors UP-TO-DATE
> Task :buildSrc:processResources UP-TO-DATE
> Task :buildSrc:classes UP-TO-DATE
> Task :buildSrc:jar UP-TO-DATE
> Task :Tracker-SDK:api:checkKotlinGradlePluginConfigurationErrors SKIPPED
> Task :Tracker-SDK:api:compileKotlin UP-TO-DATE
> Task :Tracker-SDK:api:compileJava NO-SOURCE
> Task :Tracker-SDK:api:processResources NO-SOURCE
> Task :Tracker-SDK:api:classes UP-TO-DATE
> Task :Tracker-SDK:api:jar UP-TO-DATE
> Task :Tracker-SDK:registry:checkKotlinGradlePluginConfigurationErrors SKIPPED
> Task :Tracker-SDK:registry:compileKotlin UP-TO-DATE
> Task :Tracker-SDK:registry:compileJava NO-SOURCE
> Task :Tracker-SDK:registry:processResources NO-SOURCE
> Task :Tracker-SDK:registry:classes UP-TO-DATE
> Task :Tracker-SDK:registry:jar UP-TO-DATE
> Task :Tracker-SDK:mirror:checkKotlinGradlePluginConfigurationErrors SKIPPED
> Task :Tracker-SDK:mirror:compileKotlin UP-TO-DATE
> Task :Tracker-SDK:mirror:compileJava NO-SOURCE
> Task :Tracker-SDK:mirror:processResources NO-SOURCE
> Task :Tracker-SDK:mirror:classes UP-TO-DATE
> Task :Tracker-SDK:mirror:jar UP-TO-DATE
> Task :app:preBuild UP-TO-DATE
> Task :app:preDebugBuild UP-TO-DATE
> Task :app:mergeDebugNativeDebugMetadata NO-SOURCE
> Task :core:common:checkKotlinGradlePluginConfigurationErrors SKIPPED
> Task :core:common:compileKotlin UP-TO-DATE
> Task :core:common:compileJava NO-SOURCE
> Task :core:common:processResources NO-SOURCE
> Task :core:common:classes UP-TO-DATE
> Task :core:common:jar UP-TO-DATE
> Task :core:models:checkKotlinGradlePluginConfigurationErrors SKIPPED
> Task :core:models:compileKotlin UP-TO-DATE
> Task :core:models:compileJava NO-SOURCE
> Task :core:models:processResources NO-SOURCE
> Task :core:models:classes UP-TO-DATE
> Task :core:models:jar UP-TO-DATE
> Task :core:auth:api:checkKotlinGradlePluginConfigurationErrors SKIPPED
> Task :core:auth:api:compileKotlin UP-TO-DATE
> Task :core:auth:api:compileJava NO-SOURCE
> Task :core:network:api:checkKotlinGradlePluginConfigurationErrors SKIPPED
> Task :core:network:api:compileKotlin UP-TO-DATE
> Task :core:network:api:compileJava NO-SOURCE
> Task :core:tracker:api:checkKotlinGradlePluginConfigurationErrors SKIPPED
> Task :core:tracker:api:compileKotlin UP-TO-DATE
> Task :core:tracker:api:compileJava NO-SOURCE
> Task :core:tracker:registry:checkKotlinGradlePluginConfigurationErrors SKIPPED
> Task :core:tracker:registry:compileKotlin UP-TO-DATE
> Task :core:tracker:registry:compileJava NO-SOURCE
> Task :core:tracker:rutracker:checkKotlinGradlePluginConfigurationErrors SKIPPED
> Task :core:tracker:rutracker:compileKotlin UP-TO-DATE
> Task :core:tracker:rutracker:compileJava NO-SOURCE
> Task :core:tracker:rutracker:processResources NO-SOURCE
> Task :core:tracker:rutracker:classes UP-TO-DATE
> Task :core:tracker:rutracker:jar UP-TO-DATE
> Task :core:tracker:rutor:checkKotlinGradlePluginConfigurationErrors SKIPPED
> Task :core:tracker:rutor:compileKotlin UP-TO-DATE
> Task :core:tracker:rutor:compileJava NO-SOURCE
> Task :core:tracker:rutor:processResources NO-SOURCE
> Task :core:tracker:rutor:classes UP-TO-DATE
> Task :core:tracker:rutor:jar UP-TO-DATE
> Task :core:tracker:nnmclub:checkKotlinGradlePluginConfigurationErrors SKIPPED
> Task :core:tracker:nnmclub:compileKotlin UP-TO-DATE
> Task :core:tracker:nnmclub:compileJava NO-SOURCE
> Task :core:tracker:nnmclub:processResources NO-SOURCE
> Task :core:tracker:nnmclub:classes UP-TO-DATE
> Task :core:tracker:nnmclub:jar UP-TO-DATE
> Task :core:tracker:kinozal:checkKotlinGradlePluginConfigurationErrors SKIPPED
> Task :core:tracker:kinozal:compileKotlin UP-TO-DATE
> Task :core:tracker:kinozal:compileJava NO-SOURCE
> Task :core:tracker:kinozal:processResources NO-SOURCE
> Task :core:tracker:kinozal:classes UP-TO-DATE
> Task :core:tracker:kinozal:jar UP-TO-DATE
> Task :core:tracker:archiveorg:checkKotlinGradlePluginConfigurationErrors SKIPPED
> Task :core:tracker:archiveorg:compileKotlin UP-TO-DATE
> Task :core:tracker:archiveorg:compileJava NO-SOURCE
> Task :core:tracker:archiveorg:processResources NO-SOURCE
> Task :core:tracker:archiveorg:classes UP-TO-DATE
> Task :core:tracker:archiveorg:jar UP-TO-DATE
> Task :core:tracker:gutenberg:checkKotlinGradlePluginConfigurationErrors SKIPPED
> Task :core:tracker:gutenberg:compileKotlin UP-TO-DATE
> Task :core:tracker:gutenberg:compileJava NO-SOURCE
> Task :core:tracker:gutenberg:processResources NO-SOURCE
> Task :core:tracker:gutenberg:classes UP-TO-DATE
> Task :core:tracker:gutenberg:jar UP-TO-DATE
> Task :core:tracker:registry:processResources NO-SOURCE
> Task :core:tracker:registry:classes UP-TO-DATE
> Task :core:tracker:registry:jar UP-TO-DATE
> Task :core:tracker:mirror:checkKotlinGradlePluginConfigurationErrors SKIPPED
> Task :core:tracker:mirror:compileKotlin UP-TO-DATE
> Task :core:tracker:mirror:compileJava NO-SOURCE
> Task :core:tracker:mirror:processResources NO-SOURCE
> Task :core:tracker:mirror:classes UP-TO-DATE
> Task :core:tracker:mirror:jar UP-TO-DATE
> Task :core:tracker:api:processResources NO-SOURCE
> Task :core:tracker:api:classes UP-TO-DATE
> Task :core:tracker:api:jar UP-TO-DATE
> Task :core:auth:api:processResources NO-SOURCE
> Task :core:auth:api:classes UP-TO-DATE
> Task :core:auth:api:jar UP-TO-DATE
> Task :core:network:api:processResources NO-SOURCE
> Task :core:network:api:classes UP-TO-DATE
> Task :core:network:api:jar UP-TO-DATE
> Task :core:work:api:checkKotlinGradlePluginConfigurationErrors SKIPPED
> Task :core:work:api:compileKotlin UP-TO-DATE
> Task :core:work:api:compileJava NO-SOURCE
> Task :core:work:api:processResources NO-SOURCE
> Task :core:work:api:classes UP-TO-DATE
> Task :core:work:api:jar UP-TO-DATE
> Task :app:checkKotlinGradlePluginConfigurationErrors SKIPPED
> Task :app:generateDebugBuildConfig UP-TO-DATE
> Task :app:generateLavaAuthClassDebug UP-TO-DATE
> Task :core:credentials:preBuild UP-TO-DATE
> Task :core:credentials:preDebugBuild UP-TO-DATE
> Task :core:credentials:writeDebugAarMetadata UP-TO-DATE
> Task :core:data:preBuild UP-TO-DATE
> Task :core:data:preDebugBuild UP-TO-DATE
> Task :core:data:writeDebugAarMetadata UP-TO-DATE
> Task :core:database:preBuild UP-TO-DATE
> Task :core:database:preDebugBuild UP-TO-DATE
> Task :core:database:writeDebugAarMetadata UP-TO-DATE
> Task :core:designsystem:preBuild UP-TO-DATE
> Task :core:designsystem:preDebugBuild UP-TO-DATE
> Task :core:designsystem:writeDebugAarMetadata UP-TO-DATE
> Task :core:dispatchers:preBuild UP-TO-DATE
> Task :core:dispatchers:preDebugBuild UP-TO-DATE
> Task :core:dispatchers:writeDebugAarMetadata UP-TO-DATE
> Task :core:domain:preBuild UP-TO-DATE
> Task :core:domain:preDebugBuild UP-TO-DATE
> Task :core:domain:writeDebugAarMetadata UP-TO-DATE
> Task :core:downloads:preBuild UP-TO-DATE
> Task :core:downloads:preDebugBuild UP-TO-DATE
> Task :core:downloads:writeDebugAarMetadata UP-TO-DATE
> Task :core:logger:preBuild UP-TO-DATE
> Task :core:logger:preDebugBuild UP-TO-DATE
> Task :core:logger:writeDebugAarMetadata UP-TO-DATE
> Task :core:navigation:preBuild UP-TO-DATE
> Task :core:navigation:preDebugBuild UP-TO-DATE
> Task :core:navigation:writeDebugAarMetadata UP-TO-DATE
> Task :core:notifications:preBuild UP-TO-DATE
> Task :core:notifications:preDebugBuild UP-TO-DATE
> Task :core:notifications:writeDebugAarMetadata UP-TO-DATE
> Task :core:preferences:preBuild UP-TO-DATE
> Task :core:preferences:preDebugBuild UP-TO-DATE
> Task :core:preferences:writeDebugAarMetadata UP-TO-DATE
> Task :core:ui:preBuild UP-TO-DATE
> Task :core:ui:preDebugBuild UP-TO-DATE
> Task :core:ui:writeDebugAarMetadata UP-TO-DATE
> Task :feature:account:preBuild UP-TO-DATE
> Task :feature:account:preDebugBuild UP-TO-DATE
> Task :feature:account:writeDebugAarMetadata UP-TO-DATE
> Task :feature:bookmarks:preBuild UP-TO-DATE
> Task :feature:bookmarks:preDebugBuild UP-TO-DATE
> Task :feature:bookmarks:writeDebugAarMetadata UP-TO-DATE
> Task :feature:category:preBuild UP-TO-DATE
> Task :feature:category:preDebugBuild UP-TO-DATE
> Task :feature:category:writeDebugAarMetadata UP-TO-DATE
> Task :feature:connection:preBuild UP-TO-DATE
> Task :feature:connection:preDebugBuild UP-TO-DATE
> Task :feature:connection:writeDebugAarMetadata UP-TO-DATE
> Task :feature:credentials:preBuild UP-TO-DATE
> Task :feature:credentials:preDebugBuild UP-TO-DATE
> Task :feature:credentials:writeDebugAarMetadata UP-TO-DATE
> Task :feature:favorites:preBuild UP-TO-DATE
> Task :feature:favorites:preDebugBuild UP-TO-DATE
> Task :feature:favorites:writeDebugAarMetadata UP-TO-DATE
> Task :feature:forum:preBuild UP-TO-DATE
> Task :feature:forum:preDebugBuild UP-TO-DATE
> Task :feature:forum:writeDebugAarMetadata UP-TO-DATE
> Task :feature:login:preBuild UP-TO-DATE
> Task :feature:login:preDebugBuild UP-TO-DATE
> Task :feature:login:writeDebugAarMetadata UP-TO-DATE
> Task :feature:main:preBuild UP-TO-DATE
> Task :feature:main:preDebugBuild UP-TO-DATE
> Task :feature:main:writeDebugAarMetadata UP-TO-DATE
> Task :feature:menu:preBuild UP-TO-DATE
> Task :feature:menu:preDebugBuild UP-TO-DATE
> Task :feature:menu:writeDebugAarMetadata UP-TO-DATE
> Task :feature:onboarding:preBuild UP-TO-DATE
> Task :feature:onboarding:preDebugBuild UP-TO-DATE
> Task :feature:onboarding:writeDebugAarMetadata UP-TO-DATE
> Task :feature:rating:preBuild UP-TO-DATE
> Task :feature:rating:preDebugBuild UP-TO-DATE
> Task :feature:rating:writeDebugAarMetadata UP-TO-DATE
> Task :feature:search:preBuild UP-TO-DATE
> Task :feature:search:preDebugBuild UP-TO-DATE
> Task :feature:search:writeDebugAarMetadata UP-TO-DATE
> Task :feature:search_input:preBuild UP-TO-DATE
> Task :feature:search_input:preDebugBuild UP-TO-DATE
> Task :feature:search_input:writeDebugAarMetadata UP-TO-DATE
> Task :feature:search_result:preBuild UP-TO-DATE
> Task :feature:search_result:preDebugBuild UP-TO-DATE
> Task :feature:search_result:writeDebugAarMetadata UP-TO-DATE
> Task :feature:topic:preBuild UP-TO-DATE
> Task :feature:topic:preDebugBuild UP-TO-DATE
> Task :feature:topic:writeDebugAarMetadata UP-TO-DATE
> Task :feature:tracker_settings:preBuild UP-TO-DATE
> Task :feature:tracker_settings:preDebugBuild UP-TO-DATE
> Task :feature:tracker_settings:writeDebugAarMetadata UP-TO-DATE
> Task :feature:visited:preBuild UP-TO-DATE
> Task :feature:visited:preDebugBuild UP-TO-DATE
> Task :feature:visited:writeDebugAarMetadata UP-TO-DATE
> Task :core:auth:impl:preBuild UP-TO-DATE
> Task :core:auth:impl:preDebugBuild UP-TO-DATE
> Task :core:auth:impl:writeDebugAarMetadata UP-TO-DATE
> Task :core:network:impl:preBuild UP-TO-DATE
> Task :core:network:impl:preDebugBuild UP-TO-DATE
> Task :core:network:impl:writeDebugAarMetadata UP-TO-DATE
> Task :core:tracker:client:preBuild UP-TO-DATE
> Task :core:tracker:client:preDebugBuild UP-TO-DATE
> Task :core:tracker:client:writeDebugAarMetadata UP-TO-DATE
> Task :core:work:impl:preBuild UP-TO-DATE
> Task :core:work:impl:preDebugBuild UP-TO-DATE
> Task :core:work:impl:writeDebugAarMetadata UP-TO-DATE
> Task :app:checkDebugAarMetadata UP-TO-DATE
> Task :app:generateDebugResValues UP-TO-DATE
> Task :app:injectCrashlyticsMappingFileIdDebug UP-TO-DATE
> Task :app:processDebugGoogleServices UP-TO-DATE
> Task :core:credentials:generateDebugResValues UP-TO-DATE
> Task :core:credentials:generateDebugResources UP-TO-DATE
> Task :core:credentials:packageDebugResources UP-TO-DATE
> Task :core:data:generateDebugResValues UP-TO-DATE
> Task :core:data:generateDebugResources UP-TO-DATE
> Task :core:data:packageDebugResources UP-TO-DATE
> Task :core:database:generateDebugResValues UP-TO-DATE
> Task :core:database:generateDebugResources UP-TO-DATE
> Task :core:database:packageDebugResources UP-TO-DATE
> Task :core:designsystem:generateDebugResValues UP-TO-DATE
> Task :core:designsystem:generateDebugResources UP-TO-DATE
> Task :core:designsystem:packageDebugResources UP-TO-DATE
> Task :core:dispatchers:generateDebugResValues UP-TO-DATE
> Task :core:dispatchers:generateDebugResources UP-TO-DATE
> Task :core:dispatchers:packageDebugResources UP-TO-DATE
> Task :core:domain:generateDebugResValues UP-TO-DATE
> Task :core:domain:generateDebugResources UP-TO-DATE
> Task :core:domain:packageDebugResources UP-TO-DATE
> Task :core:downloads:generateDebugResValues UP-TO-DATE
> Task :core:downloads:generateDebugResources UP-TO-DATE
> Task :core:downloads:packageDebugResources UP-TO-DATE
> Task :core:logger:generateDebugResValues UP-TO-DATE
> Task :core:logger:generateDebugResources UP-TO-DATE
> Task :core:logger:packageDebugResources UP-TO-DATE
> Task :core:navigation:generateDebugResValues UP-TO-DATE
> Task :core:navigation:generateDebugResources UP-TO-DATE
> Task :core:navigation:packageDebugResources UP-TO-DATE
> Task :core:notifications:generateDebugResValues UP-TO-DATE
> Task :core:notifications:generateDebugResources UP-TO-DATE
> Task :core:notifications:packageDebugResources UP-TO-DATE
> Task :core:preferences:generateDebugResValues UP-TO-DATE
> Task :core:preferences:generateDebugResources UP-TO-DATE
> Task :core:preferences:packageDebugResources UP-TO-DATE
> Task :core:ui:generateDebugResValues UP-TO-DATE
> Task :core:ui:generateDebugResources UP-TO-DATE
> Task :core:ui:packageDebugResources UP-TO-DATE
> Task :feature:account:generateDebugResValues UP-TO-DATE
> Task :feature:account:generateDebugResources UP-TO-DATE
> Task :feature:account:packageDebugResources UP-TO-DATE
> Task :feature:bookmarks:generateDebugResValues UP-TO-DATE
> Task :feature:bookmarks:generateDebugResources UP-TO-DATE
> Task :feature:bookmarks:packageDebugResources UP-TO-DATE
> Task :feature:category:generateDebugResValues UP-TO-DATE
> Task :feature:category:generateDebugResources UP-TO-DATE
> Task :feature:category:packageDebugResources UP-TO-DATE
> Task :feature:connection:generateDebugResValues UP-TO-DATE
> Task :feature:connection:generateDebugResources UP-TO-DATE
> Task :feature:connection:packageDebugResources UP-TO-DATE
> Task :feature:credentials:generateDebugResValues UP-TO-DATE
> Task :feature:credentials:generateDebugResources UP-TO-DATE
> Task :feature:credentials:packageDebugResources UP-TO-DATE
> Task :feature:favorites:generateDebugResValues UP-TO-DATE
> Task :feature:favorites:generateDebugResources UP-TO-DATE
> Task :feature:favorites:packageDebugResources UP-TO-DATE
> Task :feature:forum:generateDebugResValues UP-TO-DATE
> Task :feature:forum:generateDebugResources UP-TO-DATE
> Task :feature:forum:packageDebugResources UP-TO-DATE
> Task :feature:login:generateDebugResValues UP-TO-DATE
> Task :feature:login:generateDebugResources UP-TO-DATE
> Task :feature:login:packageDebugResources UP-TO-DATE
> Task :feature:main:generateDebugResValues UP-TO-DATE
> Task :feature:main:generateDebugResources UP-TO-DATE
> Task :feature:main:packageDebugResources UP-TO-DATE
> Task :feature:menu:generateDebugResValues UP-TO-DATE
> Task :feature:menu:generateDebugResources UP-TO-DATE
> Task :feature:menu:packageDebugResources UP-TO-DATE
> Task :feature:onboarding:generateDebugResValues UP-TO-DATE
> Task :feature:onboarding:generateDebugResources UP-TO-DATE
> Task :feature:onboarding:packageDebugResources UP-TO-DATE
> Task :feature:rating:generateDebugResValues UP-TO-DATE
> Task :feature:rating:generateDebugResources UP-TO-DATE
> Task :feature:rating:packageDebugResources UP-TO-DATE
> Task :feature:search:generateDebugResValues UP-TO-DATE
> Task :feature:search:generateDebugResources UP-TO-DATE
> Task :feature:search:packageDebugResources UP-TO-DATE
> Task :feature:search_input:generateDebugResValues UP-TO-DATE
> Task :feature:search_input:generateDebugResources UP-TO-DATE
> Task :feature:search_input:packageDebugResources UP-TO-DATE
> Task :feature:search_result:generateDebugResValues UP-TO-DATE
> Task :feature:search_result:generateDebugResources UP-TO-DATE
> Task :feature:search_result:packageDebugResources UP-TO-DATE
> Task :feature:topic:generateDebugResValues UP-TO-DATE
> Task :feature:topic:generateDebugResources UP-TO-DATE
> Task :feature:topic:packageDebugResources UP-TO-DATE
> Task :feature:tracker_settings:generateDebugResValues UP-TO-DATE
> Task :feature:tracker_settings:generateDebugResources UP-TO-DATE
> Task :feature:tracker_settings:packageDebugResources UP-TO-DATE
> Task :feature:visited:generateDebugResValues UP-TO-DATE
> Task :feature:visited:generateDebugResources UP-TO-DATE
> Task :feature:visited:packageDebugResources UP-TO-DATE
> Task :core:auth:impl:generateDebugResValues UP-TO-DATE
> Task :core:auth:impl:generateDebugResources UP-TO-DATE
> Task :core:auth:impl:packageDebugResources UP-TO-DATE
> Task :core:network:impl:generateDebugResValues UP-TO-DATE
> Task :core:network:impl:generateDebugResources UP-TO-DATE
> Task :core:network:impl:packageDebugResources UP-TO-DATE
> Task :core:tracker:client:generateDebugResValues UP-TO-DATE
> Task :core:tracker:client:generateDebugResources UP-TO-DATE
> Task :core:tracker:client:packageDebugResources UP-TO-DATE
> Task :core:work:impl:generateDebugResValues UP-TO-DATE
> Task :core:work:impl:generateDebugResources UP-TO-DATE
> Task :core:work:impl:packageDebugResources UP-TO-DATE
> Task :app:mapDebugSourceSetPaths UP-TO-DATE
> Task :app:generateDebugResources UP-TO-DATE
> Task :app:mergeDebugResources UP-TO-DATE
> Task :app:packageDebugResources UP-TO-DATE
> Task :app:parseDebugLocalResources UP-TO-DATE
> Task :app:createDebugCompatibleScreenManifests UP-TO-DATE
> Task :app:extractDeepLinksDebug UP-TO-DATE
> Task :core:credentials:extractDeepLinksDebug UP-TO-DATE
> Task :core:credentials:processDebugManifest UP-TO-DATE
> Task :core:data:extractDeepLinksDebug UP-TO-DATE
> Task :core:data:processDebugManifest UP-TO-DATE
> Task :core:database:extractDeepLinksDebug UP-TO-DATE
> Task :core:database:processDebugManifest UP-TO-DATE
> Task :core:designsystem:extractDeepLinksDebug UP-TO-DATE
> Task :core:designsystem:processDebugManifest UP-TO-DATE
> Task :core:dispatchers:extractDeepLinksDebug UP-TO-DATE
> Task :core:dispatchers:processDebugManifest UP-TO-DATE
> Task :core:domain:extractDeepLinksDebug UP-TO-DATE
> Task :core:domain:processDebugManifest UP-TO-DATE
> Task :core:downloads:extractDeepLinksDebug UP-TO-DATE
> Task :core:downloads:processDebugManifest UP-TO-DATE
> Task :core:logger:extractDeepLinksDebug UP-TO-DATE
> Task :core:logger:processDebugManifest UP-TO-DATE
> Task :core:navigation:extractDeepLinksDebug UP-TO-DATE
> Task :core:navigation:processDebugManifest UP-TO-DATE
> Task :core:notifications:extractDeepLinksDebug UP-TO-DATE
> Task :core:notifications:processDebugManifest UP-TO-DATE
> Task :core:preferences:extractDeepLinksDebug UP-TO-DATE
> Task :core:preferences:processDebugManifest UP-TO-DATE
> Task :core:ui:extractDeepLinksDebug UP-TO-DATE
> Task :core:ui:processDebugManifest UP-TO-DATE
> Task :feature:account:extractDeepLinksDebug UP-TO-DATE
> Task :feature:account:processDebugManifest UP-TO-DATE
> Task :feature:bookmarks:extractDeepLinksDebug UP-TO-DATE
> Task :feature:bookmarks:processDebugManifest UP-TO-DATE
> Task :feature:category:extractDeepLinksDebug UP-TO-DATE
> Task :feature:category:processDebugManifest UP-TO-DATE
> Task :feature:connection:extractDeepLinksDebug UP-TO-DATE
> Task :feature:connection:processDebugManifest UP-TO-DATE
> Task :feature:credentials:extractDeepLinksDebug UP-TO-DATE
> Task :feature:credentials:processDebugManifest UP-TO-DATE
> Task :feature:favorites:extractDeepLinksDebug UP-TO-DATE
> Task :feature:favorites:processDebugManifest UP-TO-DATE
> Task :feature:forum:extractDeepLinksDebug UP-TO-DATE
> Task :feature:forum:processDebugManifest UP-TO-DATE
> Task :feature:login:extractDeepLinksDebug UP-TO-DATE
> Task :feature:login:processDebugManifest UP-TO-DATE
> Task :feature:main:extractDeepLinksDebug UP-TO-DATE
> Task :feature:main:processDebugManifest UP-TO-DATE
> Task :feature:menu:extractDeepLinksDebug UP-TO-DATE
> Task :feature:menu:processDebugManifest UP-TO-DATE
> Task :feature:onboarding:extractDeepLinksDebug UP-TO-DATE
> Task :feature:onboarding:processDebugManifest UP-TO-DATE
> Task :feature:rating:extractDeepLinksDebug UP-TO-DATE
> Task :feature:rating:processDebugManifest UP-TO-DATE
> Task :feature:search:extractDeepLinksDebug UP-TO-DATE
> Task :feature:search:processDebugManifest UP-TO-DATE
> Task :feature:search_input:extractDeepLinksDebug UP-TO-DATE
> Task :feature:search_input:processDebugManifest UP-TO-DATE
> Task :feature:search_result:extractDeepLinksDebug UP-TO-DATE
> Task :feature:search_result:processDebugManifest UP-TO-DATE
> Task :feature:topic:extractDeepLinksDebug UP-TO-DATE
> Task :feature:topic:processDebugManifest UP-TO-DATE
> Task :feature:tracker_settings:extractDeepLinksDebug UP-TO-DATE
> Task :feature:tracker_settings:processDebugManifest UP-TO-DATE
> Task :feature:visited:extractDeepLinksDebug UP-TO-DATE
> Task :feature:visited:processDebugManifest UP-TO-DATE
> Task :core:auth:impl:extractDeepLinksDebug UP-TO-DATE
> Task :core:auth:impl:processDebugManifest UP-TO-DATE
> Task :core:network:impl:extractDeepLinksDebug UP-TO-DATE
> Task :core:network:impl:processDebugManifest UP-TO-DATE
> Task :core:tracker:client:extractDeepLinksDebug UP-TO-DATE
> Task :core:tracker:client:processDebugManifest UP-TO-DATE
> Task :core:work:impl:extractDeepLinksDebug UP-TO-DATE
> Task :core:work:impl:processDebugManifest UP-TO-DATE
> Task :app:processDebugMainManifest UP-TO-DATE
> Task :app:processDebugManifest UP-TO-DATE
> Task :app:processDebugManifestForPackage UP-TO-DATE
> Task :core:credentials:compileDebugLibraryResources UP-TO-DATE
> Task :core:credentials:parseDebugLocalResources UP-TO-DATE
> Task :core:credentials:generateDebugRFile UP-TO-DATE
> Task :core:data:compileDebugLibraryResources UP-TO-DATE
> Task :core:data:parseDebugLocalResources UP-TO-DATE
> Task :core:data:generateDebugRFile UP-TO-DATE
> Task :core:database:compileDebugLibraryResources UP-TO-DATE
> Task :core:database:parseDebugLocalResources UP-TO-DATE
> Task :core:database:generateDebugRFile UP-TO-DATE
> Task :core:designsystem:compileDebugLibraryResources UP-TO-DATE
> Task :core:designsystem:parseDebugLocalResources UP-TO-DATE
> Task :core:designsystem:generateDebugRFile UP-TO-DATE
> Task :core:dispatchers:compileDebugLibraryResources UP-TO-DATE
> Task :core:dispatchers:parseDebugLocalResources UP-TO-DATE
> Task :core:dispatchers:generateDebugRFile UP-TO-DATE
> Task :core:domain:compileDebugLibraryResources UP-TO-DATE
> Task :core:domain:parseDebugLocalResources UP-TO-DATE
> Task :core:domain:generateDebugRFile UP-TO-DATE
> Task :core:downloads:compileDebugLibraryResources UP-TO-DATE
> Task :core:downloads:parseDebugLocalResources UP-TO-DATE
> Task :core:downloads:generateDebugRFile UP-TO-DATE
> Task :core:logger:compileDebugLibraryResources UP-TO-DATE
> Task :core:logger:parseDebugLocalResources UP-TO-DATE
> Task :core:logger:generateDebugRFile UP-TO-DATE
> Task :core:navigation:compileDebugLibraryResources UP-TO-DATE
> Task :core:navigation:parseDebugLocalResources UP-TO-DATE
> Task :core:navigation:generateDebugRFile UP-TO-DATE
> Task :core:notifications:compileDebugLibraryResources UP-TO-DATE
> Task :core:notifications:parseDebugLocalResources UP-TO-DATE
> Task :core:notifications:generateDebugRFile UP-TO-DATE
> Task :core:preferences:compileDebugLibraryResources UP-TO-DATE
> Task :core:preferences:parseDebugLocalResources UP-TO-DATE
> Task :core:preferences:generateDebugRFile UP-TO-DATE
> Task :core:ui:compileDebugLibraryResources UP-TO-DATE
> Task :core:ui:parseDebugLocalResources UP-TO-DATE
> Task :core:ui:generateDebugRFile UP-TO-DATE
> Task :feature:account:compileDebugLibraryResources UP-TO-DATE
> Task :feature:account:parseDebugLocalResources UP-TO-DATE
> Task :feature:account:generateDebugRFile UP-TO-DATE
> Task :feature:bookmarks:compileDebugLibraryResources UP-TO-DATE
> Task :feature:bookmarks:parseDebugLocalResources UP-TO-DATE
> Task :feature:bookmarks:generateDebugRFile UP-TO-DATE
> Task :feature:category:compileDebugLibraryResources UP-TO-DATE
> Task :feature:category:parseDebugLocalResources UP-TO-DATE
> Task :feature:category:generateDebugRFile UP-TO-DATE
> Task :feature:connection:compileDebugLibraryResources UP-TO-DATE
> Task :feature:connection:parseDebugLocalResources UP-TO-DATE
> Task :feature:connection:generateDebugRFile UP-TO-DATE
> Task :feature:credentials:compileDebugLibraryResources UP-TO-DATE
> Task :feature:credentials:parseDebugLocalResources UP-TO-DATE
> Task :feature:credentials:generateDebugRFile UP-TO-DATE
> Task :feature:favorites:compileDebugLibraryResources UP-TO-DATE
> Task :feature:favorites:parseDebugLocalResources UP-TO-DATE
> Task :feature:favorites:generateDebugRFile UP-TO-DATE
> Task :feature:forum:compileDebugLibraryResources UP-TO-DATE
> Task :feature:forum:parseDebugLocalResources UP-TO-DATE
> Task :feature:forum:generateDebugRFile UP-TO-DATE
> Task :feature:login:compileDebugLibraryResources UP-TO-DATE
> Task :feature:login:parseDebugLocalResources UP-TO-DATE
> Task :feature:login:generateDebugRFile UP-TO-DATE
> Task :feature:main:compileDebugLibraryResources UP-TO-DATE
> Task :feature:main:parseDebugLocalResources UP-TO-DATE
> Task :feature:main:generateDebugRFile UP-TO-DATE
> Task :feature:menu:compileDebugLibraryResources UP-TO-DATE
> Task :feature:menu:parseDebugLocalResources UP-TO-DATE
> Task :feature:menu:generateDebugRFile UP-TO-DATE
> Task :feature:onboarding:compileDebugLibraryResources UP-TO-DATE
> Task :feature:onboarding:parseDebugLocalResources UP-TO-DATE
> Task :feature:onboarding:generateDebugRFile UP-TO-DATE
> Task :feature:rating:compileDebugLibraryResources UP-TO-DATE
> Task :feature:rating:parseDebugLocalResources UP-TO-DATE
> Task :feature:rating:generateDebugRFile UP-TO-DATE
> Task :feature:search:compileDebugLibraryResources UP-TO-DATE
> Task :feature:search:parseDebugLocalResources UP-TO-DATE
> Task :feature:search:generateDebugRFile UP-TO-DATE
> Task :feature:search_input:compileDebugLibraryResources UP-TO-DATE
> Task :feature:search_input:parseDebugLocalResources UP-TO-DATE
> Task :feature:search_input:generateDebugRFile UP-TO-DATE
> Task :feature:search_result:compileDebugLibraryResources UP-TO-DATE
> Task :feature:search_result:parseDebugLocalResources UP-TO-DATE
> Task :feature:search_result:generateDebugRFile UP-TO-DATE
> Task :feature:topic:compileDebugLibraryResources UP-TO-DATE
> Task :feature:topic:parseDebugLocalResources UP-TO-DATE
> Task :feature:topic:generateDebugRFile UP-TO-DATE
> Task :feature:tracker_settings:compileDebugLibraryResources UP-TO-DATE
> Task :feature:tracker_settings:parseDebugLocalResources UP-TO-DATE
> Task :feature:tracker_settings:generateDebugRFile UP-TO-DATE
> Task :feature:visited:compileDebugLibraryResources UP-TO-DATE
> Task :feature:visited:parseDebugLocalResources UP-TO-DATE
> Task :feature:visited:generateDebugRFile UP-TO-DATE
> Task :core:auth:impl:compileDebugLibraryResources UP-TO-DATE
> Task :core:auth:impl:parseDebugLocalResources UP-TO-DATE
> Task :core:auth:impl:generateDebugRFile UP-TO-DATE
> Task :core:network:impl:compileDebugLibraryResources UP-TO-DATE
> Task :core:network:impl:parseDebugLocalResources UP-TO-DATE
> Task :core:network:impl:generateDebugRFile UP-TO-DATE
> Task :core:tracker:client:compileDebugLibraryResources UP-TO-DATE
> Task :core:tracker:client:parseDebugLocalResources UP-TO-DATE
> Task :core:tracker:client:generateDebugRFile UP-TO-DATE
> Task :core:work:impl:compileDebugLibraryResources UP-TO-DATE
> Task :core:work:impl:parseDebugLocalResources UP-TO-DATE
> Task :core:work:impl:generateDebugRFile UP-TO-DATE
> Task :app:processDebugResources UP-TO-DATE
> Task :core:data:checkKotlinGradlePluginConfigurationErrors SKIPPED
> Task :core:database:checkKotlinGradlePluginConfigurationErrors SKIPPED
> Task :core:database:kspDebugKotlin UP-TO-DATE
> Task :core:database:compileDebugKotlin UP-TO-DATE
> Task :core:database:javaPreCompileDebug UP-TO-DATE
> Task :core:database:compileDebugJavaWithJavac UP-TO-DATE
> Task :core:database:copyRoomSchemas NO-SOURCE
> Task :core:database:transformDebugClassesWithAsm UP-TO-DATE
> Task :core:database:bundleLibCompileToJarDebug UP-TO-DATE
> Task :core:dispatchers:checkKotlinGradlePluginConfigurationErrors SKIPPED
> Task :core:dispatchers:kspDebugKotlin UP-TO-DATE
> Task :core:dispatchers:compileDebugKotlin UP-TO-DATE
> Task :core:dispatchers:javaPreCompileDebug UP-TO-DATE
> Task :core:dispatchers:compileDebugJavaWithJavac UP-TO-DATE
> Task :core:dispatchers:transformDebugClassesWithAsm UP-TO-DATE
> Task :core:dispatchers:bundleLibCompileToJarDebug UP-TO-DATE
> Task :core:logger:checkKotlinGradlePluginConfigurationErrors SKIPPED
> Task :core:logger:kspDebugKotlin UP-TO-DATE
> Task :core:logger:compileDebugKotlin UP-TO-DATE
> Task :core:logger:javaPreCompileDebug UP-TO-DATE
> Task :core:logger:compileDebugJavaWithJavac UP-TO-DATE
> Task :core:logger:transformDebugClassesWithAsm UP-TO-DATE
> Task :core:logger:bundleLibCompileToJarDebug UP-TO-DATE
> Task :core:dispatchers:bundleLibRuntimeToJarDebug UP-TO-DATE
> Task :core:preferences:checkKotlinGradlePluginConfigurationErrors SKIPPED
> Task :core:preferences:kspDebugKotlin UP-TO-DATE
> Task :core:preferences:compileDebugKotlin UP-TO-DATE
> Task :core:preferences:javaPreCompileDebug UP-TO-DATE
> Task :core:preferences:compileDebugJavaWithJavac UP-TO-DATE
> Task :core:preferences:transformDebugClassesWithAsm UP-TO-DATE
> Task :core:preferences:bundleLibCompileToJarDebug UP-TO-DATE
> Task :core:data:kspDebugKotlin UP-TO-DATE
> Task :core:data:compileDebugKotlin UP-TO-DATE
> Task :core:data:javaPreCompileDebug UP-TO-DATE
> Task :core:data:compileDebugJavaWithJavac UP-TO-DATE
> Task :core:database:bundleLibRuntimeToJarDebug UP-TO-DATE
> Task :core:logger:bundleLibRuntimeToJarDebug UP-TO-DATE
> Task :core:preferences:bundleLibRuntimeToJarDebug UP-TO-DATE
> Task :core:data:transformDebugClassesWithAsm UP-TO-DATE
> Task :core:data:bundleLibCompileToJarDebug UP-TO-DATE
> Task :core:designsystem:checkKotlinGradlePluginConfigurationErrors SKIPPED
> Task :core:designsystem:compileDebugKotlin UP-TO-DATE
> Task :core:designsystem:javaPreCompileDebug UP-TO-DATE
> Task :core:designsystem:compileDebugJavaWithJavac NO-SOURCE
> Task :core:designsystem:bundleLibCompileToJarDebug UP-TO-DATE
> Task :core:data:bundleLibRuntimeToJarDebug UP-TO-DATE
> Task :core:designsystem:bundleLibRuntimeToJarDebug UP-TO-DATE
> Task :core:domain:checkKotlinGradlePluginConfigurationErrors SKIPPED
> Task :core:downloads:checkKotlinGradlePluginConfigurationErrors SKIPPED
> Task :core:downloads:kspDebugKotlin UP-TO-DATE
> Task :core:downloads:compileDebugKotlin UP-TO-DATE
> Task :core:downloads:javaPreCompileDebug UP-TO-DATE
> Task :core:downloads:compileDebugJavaWithJavac UP-TO-DATE
> Task :core:downloads:transformDebugClassesWithAsm UP-TO-DATE
> Task :core:downloads:bundleLibCompileToJarDebug UP-TO-DATE
> Task :core:notifications:checkKotlinGradlePluginConfigurationErrors SKIPPED
> Task :core:notifications:kspDebugKotlin UP-TO-DATE
> Task :core:notifications:compileDebugKotlin UP-TO-DATE
> Task :core:notifications:javaPreCompileDebug UP-TO-DATE
> Task :core:notifications:compileDebugJavaWithJavac UP-TO-DATE
> Task :core:notifications:transformDebugClassesWithAsm UP-TO-DATE
> Task :core:notifications:bundleLibCompileToJarDebug UP-TO-DATE
> Task :core:domain:kspDebugKotlin UP-TO-DATE
> Task :core:domain:compileDebugKotlin UP-TO-DATE
> Task :core:domain:javaPreCompileDebug UP-TO-DATE
> Task :core:domain:compileDebugJavaWithJavac UP-TO-DATE
> Task :core:downloads:bundleLibRuntimeToJarDebug UP-TO-DATE
> Task :core:notifications:bundleLibRuntimeToJarDebug UP-TO-DATE
> Task :core:domain:transformDebugClassesWithAsm UP-TO-DATE
> Task :core:domain:bundleLibCompileToJarDebug UP-TO-DATE
> Task :core:navigation:checkKotlinGradlePluginConfigurationErrors SKIPPED
> Task :core:ui:checkKotlinGradlePluginConfigurationErrors SKIPPED
> Task :core:ui:compileDebugKotlin UP-TO-DATE
> Task :core:ui:javaPreCompileDebug UP-TO-DATE
> Task :core:ui:compileDebugJavaWithJavac NO-SOURCE
> Task :core:ui:bundleLibCompileToJarDebug UP-TO-DATE
> Task :core:navigation:compileDebugKotlin UP-TO-DATE
> Task :core:navigation:javaPreCompileDebug UP-TO-DATE
> Task :core:navigation:compileDebugJavaWithJavac NO-SOURCE
> Task :core:navigation:bundleLibCompileToJarDebug UP-TO-DATE
> Task :core:domain:bundleLibRuntimeToJarDebug UP-TO-DATE
> Task :core:navigation:bundleLibRuntimeToJarDebug UP-TO-DATE
> Task :core:ui:bundleLibRuntimeToJarDebug UP-TO-DATE
> Task :feature:account:checkKotlinGradlePluginConfigurationErrors SKIPPED
> Task :feature:account:kspDebugKotlin UP-TO-DATE
> Task :feature:account:compileDebugKotlin UP-TO-DATE
> Task :feature:account:javaPreCompileDebug UP-TO-DATE
> Task :feature:account:compileDebugJavaWithJavac UP-TO-DATE
> Task :feature:account:transformDebugClassesWithAsm UP-TO-DATE
> Task :feature:account:bundleLibCompileToJarDebug UP-TO-DATE
> Task :feature:bookmarks:checkKotlinGradlePluginConfigurationErrors SKIPPED
> Task :feature:bookmarks:kspDebugKotlin UP-TO-DATE
> Task :feature:bookmarks:compileDebugKotlin UP-TO-DATE
> Task :feature:bookmarks:javaPreCompileDebug UP-TO-DATE
> Task :feature:bookmarks:compileDebugJavaWithJavac UP-TO-DATE
> Task :feature:bookmarks:transformDebugClassesWithAsm UP-TO-DATE
> Task :feature:bookmarks:bundleLibCompileToJarDebug UP-TO-DATE
> Task :feature:category:checkKotlinGradlePluginConfigurationErrors SKIPPED
> Task :feature:category:kspDebugKotlin UP-TO-DATE
> Task :feature:category:compileDebugKotlin UP-TO-DATE
> Task :feature:category:javaPreCompileDebug UP-TO-DATE
> Task :feature:category:compileDebugJavaWithJavac UP-TO-DATE
> Task :feature:category:transformDebugClassesWithAsm UP-TO-DATE
> Task :feature:category:bundleLibCompileToJarDebug UP-TO-DATE
> Task :feature:connection:checkKotlinGradlePluginConfigurationErrors SKIPPED
> Task :feature:connection:kspDebugKotlin UP-TO-DATE
> Task :feature:connection:compileDebugKotlin UP-TO-DATE
> Task :feature:connection:javaPreCompileDebug UP-TO-DATE
> Task :feature:connection:compileDebugJavaWithJavac UP-TO-DATE
> Task :feature:connection:transformDebugClassesWithAsm UP-TO-DATE
> Task :feature:connection:bundleLibCompileToJarDebug UP-TO-DATE
> Task :core:credentials:checkKotlinGradlePluginConfigurationErrors SKIPPED
> Task :core:credentials:kspDebugKotlin UP-TO-DATE
> Task :core:credentials:compileDebugKotlin UP-TO-DATE
> Task :core:credentials:javaPreCompileDebug UP-TO-DATE
> Task :core:credentials:compileDebugJavaWithJavac UP-TO-DATE
> Task :core:credentials:transformDebugClassesWithAsm UP-TO-DATE
> Task :core:credentials:bundleLibCompileToJarDebug UP-TO-DATE
> Task :core:credentials:bundleLibRuntimeToJarDebug UP-TO-DATE
> Task :feature:credentials:checkKotlinGradlePluginConfigurationErrors SKIPPED
> Task :core:tracker:client:checkKotlinGradlePluginConfigurationErrors SKIPPED
> Task :core:tracker:client:kspDebugKotlin UP-TO-DATE
> Task :core:tracker:client:compileDebugKotlin UP-TO-DATE
> Task :core:tracker:client:javaPreCompileDebug UP-TO-DATE
> Task :core:tracker:client:compileDebugJavaWithJavac UP-TO-DATE
> Task :core:tracker:client:transformDebugClassesWithAsm UP-TO-DATE
> Task :core:tracker:client:bundleLibCompileToJarDebug UP-TO-DATE
> Task :feature:credentials:kspDebugKotlin UP-TO-DATE
> Task :feature:credentials:compileDebugKotlin UP-TO-DATE
> Task :feature:credentials:javaPreCompileDebug UP-TO-DATE
> Task :feature:credentials:compileDebugJavaWithJavac UP-TO-DATE
> Task :core:tracker:client:bundleLibRuntimeToJarDebug UP-TO-DATE
> Task :feature:credentials:transformDebugClassesWithAsm UP-TO-DATE
> Task :feature:credentials:bundleLibCompileToJarDebug UP-TO-DATE
> Task :feature:favorites:checkKotlinGradlePluginConfigurationErrors SKIPPED
> Task :feature:favorites:kspDebugKotlin UP-TO-DATE
> Task :feature:favorites:compileDebugKotlin UP-TO-DATE
> Task :feature:favorites:javaPreCompileDebug UP-TO-DATE
> Task :feature:favorites:compileDebugJavaWithJavac UP-TO-DATE
> Task :feature:favorites:transformDebugClassesWithAsm UP-TO-DATE
> Task :feature:favorites:bundleLibCompileToJarDebug UP-TO-DATE
> Task :feature:forum:checkKotlinGradlePluginConfigurationErrors SKIPPED
> Task :feature:forum:kspDebugKotlin UP-TO-DATE
> Task :feature:forum:compileDebugKotlin UP-TO-DATE
> Task :feature:forum:javaPreCompileDebug UP-TO-DATE
> Task :feature:forum:compileDebugJavaWithJavac UP-TO-DATE
> Task :feature:forum:transformDebugClassesWithAsm UP-TO-DATE
> Task :feature:forum:bundleLibCompileToJarDebug UP-TO-DATE
> Task :feature:login:checkKotlinGradlePluginConfigurationErrors SKIPPED
> Task :feature:login:kspDebugKotlin UP-TO-DATE
> Task :feature:login:compileDebugKotlin UP-TO-DATE
> Task :feature:login:javaPreCompileDebug UP-TO-DATE
> Task :feature:login:compileDebugJavaWithJavac UP-TO-DATE
> Task :feature:login:transformDebugClassesWithAsm UP-TO-DATE
> Task :feature:login:bundleLibCompileToJarDebug UP-TO-DATE
> Task :feature:main:checkKotlinGradlePluginConfigurationErrors SKIPPED
> Task :feature:main:kspDebugKotlin UP-TO-DATE
> Task :feature:main:compileDebugKotlin UP-TO-DATE
> Task :feature:main:javaPreCompileDebug UP-TO-DATE
> Task :feature:main:compileDebugJavaWithJavac UP-TO-DATE
> Task :feature:main:transformDebugClassesWithAsm UP-TO-DATE
> Task :feature:main:bundleLibCompileToJarDebug UP-TO-DATE
> Task :feature:account:bundleLibRuntimeToJarDebug UP-TO-DATE
> Task :feature:connection:bundleLibRuntimeToJarDebug UP-TO-DATE
> Task :feature:menu:checkKotlinGradlePluginConfigurationErrors SKIPPED
> Task :feature:menu:kspDebugKotlin UP-TO-DATE
> Task :feature:menu:compileDebugKotlin UP-TO-DATE
> Task :feature:menu:javaPreCompileDebug UP-TO-DATE
> Task :feature:menu:compileDebugJavaWithJavac UP-TO-DATE
> Task :feature:menu:transformDebugClassesWithAsm UP-TO-DATE
> Task :feature:menu:bundleLibCompileToJarDebug UP-TO-DATE
> Task :feature:onboarding:checkKotlinGradlePluginConfigurationErrors SKIPPED
> Task :feature:onboarding:kspDebugKotlin UP-TO-DATE
> Task :feature:onboarding:compileDebugKotlin UP-TO-DATE
> Task :feature:onboarding:javaPreCompileDebug UP-TO-DATE
> Task :feature:onboarding:compileDebugJavaWithJavac UP-TO-DATE
> Task :feature:onboarding:transformDebugClassesWithAsm UP-TO-DATE
> Task :feature:onboarding:bundleLibCompileToJarDebug UP-TO-DATE
> Task :feature:rating:checkKotlinGradlePluginConfigurationErrors SKIPPED
> Task :feature:rating:kspDebugKotlin UP-TO-DATE
> Task :feature:rating:compileDebugKotlin UP-TO-DATE
> Task :feature:rating:javaPreCompileDebug UP-TO-DATE
> Task :feature:rating:compileDebugJavaWithJavac UP-TO-DATE
> Task :feature:rating:transformDebugClassesWithAsm UP-TO-DATE
> Task :feature:rating:bundleLibCompileToJarDebug UP-TO-DATE
> Task :feature:search:checkKotlinGradlePluginConfigurationErrors SKIPPED
> Task :feature:search:kspDebugKotlin UP-TO-DATE
> Task :feature:search:compileDebugKotlin UP-TO-DATE
> Task :feature:search:javaPreCompileDebug UP-TO-DATE
> Task :feature:search:compileDebugJavaWithJavac UP-TO-DATE
> Task :feature:search:transformDebugClassesWithAsm UP-TO-DATE
> Task :feature:search:bundleLibCompileToJarDebug UP-TO-DATE
> Task :feature:search_input:checkKotlinGradlePluginConfigurationErrors SKIPPED
> Task :feature:search_input:kspDebugKotlin UP-TO-DATE
> Task :feature:search_input:compileDebugKotlin UP-TO-DATE
> Task :feature:search_input:javaPreCompileDebug UP-TO-DATE
> Task :feature:search_input:compileDebugJavaWithJavac UP-TO-DATE
> Task :feature:search_input:transformDebugClassesWithAsm UP-TO-DATE
> Task :feature:search_input:bundleLibCompileToJarDebug UP-TO-DATE
> Task :feature:search_result:checkKotlinGradlePluginConfigurationErrors SKIPPED
> Task :feature:search_result:kspDebugKotlin UP-TO-DATE
> Task :feature:search_result:compileDebugKotlin UP-TO-DATE
> Task :feature:search_result:javaPreCompileDebug UP-TO-DATE
> Task :feature:search_result:compileDebugJavaWithJavac UP-TO-DATE
> Task :feature:search_result:transformDebugClassesWithAsm UP-TO-DATE
> Task :feature:search_result:bundleLibCompileToJarDebug UP-TO-DATE
> Task :feature:topic:checkKotlinGradlePluginConfigurationErrors SKIPPED
> Task :feature:topic:kspDebugKotlin UP-TO-DATE
> Task :feature:topic:compileDebugKotlin UP-TO-DATE
> Task :feature:topic:javaPreCompileDebug UP-TO-DATE
> Task :feature:topic:compileDebugJavaWithJavac UP-TO-DATE
> Task :feature:topic:transformDebugClassesWithAsm UP-TO-DATE
> Task :feature:topic:bundleLibCompileToJarDebug UP-TO-DATE
> Task :feature:tracker_settings:checkKotlinGradlePluginConfigurationErrors SKIPPED
> Task :feature:tracker_settings:kspDebugKotlin UP-TO-DATE
> Task :feature:tracker_settings:compileDebugKotlin UP-TO-DATE
> Task :feature:tracker_settings:javaPreCompileDebug UP-TO-DATE
> Task :feature:tracker_settings:compileDebugJavaWithJavac UP-TO-DATE
> Task :feature:tracker_settings:transformDebugClassesWithAsm UP-TO-DATE
> Task :feature:tracker_settings:bundleLibCompileToJarDebug UP-TO-DATE
> Task :feature:visited:checkKotlinGradlePluginConfigurationErrors SKIPPED
> Task :feature:visited:kspDebugKotlin UP-TO-DATE
> Task :feature:visited:compileDebugKotlin UP-TO-DATE
> Task :feature:visited:javaPreCompileDebug UP-TO-DATE
> Task :feature:visited:compileDebugJavaWithJavac UP-TO-DATE
> Task :feature:visited:transformDebugClassesWithAsm UP-TO-DATE
> Task :feature:visited:bundleLibCompileToJarDebug UP-TO-DATE
> Task :core:auth:impl:checkKotlinGradlePluginConfigurationErrors SKIPPED
> Task :core:auth:impl:kspDebugKotlin UP-TO-DATE
> Task :core:auth:impl:compileDebugKotlin UP-TO-DATE
> Task :core:auth:impl:javaPreCompileDebug UP-TO-DATE
> Task :core:auth:impl:compileDebugJavaWithJavac UP-TO-DATE
> Task :core:auth:impl:transformDebugClassesWithAsm UP-TO-DATE
> Task :core:auth:impl:bundleLibCompileToJarDebug UP-TO-DATE
> Task :core:network:impl:checkKotlinGradlePluginConfigurationErrors SKIPPED
> Task :core:network:impl:kspDebugKotlin UP-TO-DATE
> Task :core:network:impl:compileDebugKotlin UP-TO-DATE
> Task :core:network:impl:javaPreCompileDebug UP-TO-DATE
> Task :core:network:impl:compileDebugJavaWithJavac UP-TO-DATE
> Task :core:network:impl:transformDebugClassesWithAsm UP-TO-DATE
> Task :core:network:impl:bundleLibCompileToJarDebug UP-TO-DATE
> Task :core:work:impl:checkKotlinGradlePluginConfigurationErrors SKIPPED
> Task :core:work:impl:kspDebugKotlin UP-TO-DATE
> Task :core:work:impl:compileDebugKotlin UP-TO-DATE
> Task :core:work:impl:javaPreCompileDebug UP-TO-DATE
> Task :core:work:impl:compileDebugJavaWithJavac UP-TO-DATE
> Task :core:work:impl:transformDebugClassesWithAsm UP-TO-DATE
> Task :core:work:impl:bundleLibCompileToJarDebug UP-TO-DATE
> Task :app:kspDebugKotlin UP-TO-DATE
> Task :app:compileDebugKotlin UP-TO-DATE
> Task :app:javaPreCompileDebug UP-TO-DATE
> Task :app:compileDebugJavaWithJavac UP-TO-DATE
> Task :app:mergeDebugShaders UP-TO-DATE
> Task :app:compileDebugShaders NO-SOURCE
> Task :app:generateDebugAssets UP-TO-DATE
> Task :core:credentials:mergeDebugShaders UP-TO-DATE
> Task :core:credentials:compileDebugShaders NO-SOURCE
> Task :core:credentials:generateDebugAssets UP-TO-DATE
> Task :core:credentials:packageDebugAssets UP-TO-DATE
> Task :core:data:mergeDebugShaders UP-TO-DATE
> Task :core:data:compileDebugShaders NO-SOURCE
> Task :core:data:generateDebugAssets UP-TO-DATE
> Task :core:data:packageDebugAssets UP-TO-DATE
> Task :core:database:mergeDebugShaders UP-TO-DATE
> Task :core:database:compileDebugShaders NO-SOURCE
> Task :core:database:generateDebugAssets UP-TO-DATE
> Task :core:database:packageDebugAssets UP-TO-DATE
> Task :core:designsystem:mergeDebugShaders UP-TO-DATE
> Task :core:designsystem:compileDebugShaders NO-SOURCE
> Task :core:designsystem:generateDebugAssets UP-TO-DATE
> Task :core:designsystem:packageDebugAssets UP-TO-DATE
> Task :core:dispatchers:mergeDebugShaders UP-TO-DATE
> Task :core:dispatchers:compileDebugShaders NO-SOURCE
> Task :core:dispatchers:generateDebugAssets UP-TO-DATE
> Task :core:dispatchers:packageDebugAssets UP-TO-DATE
> Task :core:domain:mergeDebugShaders UP-TO-DATE
> Task :core:domain:compileDebugShaders NO-SOURCE
> Task :core:domain:generateDebugAssets UP-TO-DATE
> Task :core:domain:packageDebugAssets UP-TO-DATE
> Task :core:downloads:mergeDebugShaders UP-TO-DATE
> Task :core:downloads:compileDebugShaders NO-SOURCE
> Task :core:downloads:generateDebugAssets UP-TO-DATE
> Task :core:downloads:packageDebugAssets UP-TO-DATE
> Task :core:logger:mergeDebugShaders UP-TO-DATE
> Task :core:logger:compileDebugShaders NO-SOURCE
> Task :core:logger:generateDebugAssets UP-TO-DATE
> Task :core:logger:packageDebugAssets UP-TO-DATE
> Task :core:navigation:mergeDebugShaders UP-TO-DATE
> Task :core:navigation:compileDebugShaders NO-SOURCE
> Task :core:navigation:generateDebugAssets UP-TO-DATE
> Task :core:navigation:packageDebugAssets UP-TO-DATE
> Task :core:notifications:mergeDebugShaders UP-TO-DATE
> Task :core:notifications:compileDebugShaders NO-SOURCE
> Task :core:notifications:generateDebugAssets UP-TO-DATE
> Task :core:notifications:packageDebugAssets UP-TO-DATE
> Task :core:preferences:mergeDebugShaders UP-TO-DATE
> Task :core:preferences:compileDebugShaders NO-SOURCE
> Task :core:preferences:generateDebugAssets UP-TO-DATE
> Task :core:preferences:packageDebugAssets UP-TO-DATE
> Task :core:ui:mergeDebugShaders UP-TO-DATE
> Task :core:ui:compileDebugShaders NO-SOURCE
> Task :core:ui:generateDebugAssets UP-TO-DATE
> Task :core:ui:packageDebugAssets UP-TO-DATE
> Task :feature:account:mergeDebugShaders UP-TO-DATE
> Task :feature:account:compileDebugShaders NO-SOURCE
> Task :feature:account:generateDebugAssets UP-TO-DATE
> Task :feature:account:packageDebugAssets UP-TO-DATE
> Task :feature:bookmarks:mergeDebugShaders UP-TO-DATE
> Task :feature:bookmarks:compileDebugShaders NO-SOURCE
> Task :feature:bookmarks:generateDebugAssets UP-TO-DATE
> Task :feature:bookmarks:packageDebugAssets UP-TO-DATE
> Task :feature:category:mergeDebugShaders UP-TO-DATE
> Task :feature:category:compileDebugShaders NO-SOURCE
> Task :feature:category:generateDebugAssets UP-TO-DATE
> Task :feature:category:packageDebugAssets UP-TO-DATE
> Task :feature:connection:mergeDebugShaders UP-TO-DATE
> Task :feature:connection:compileDebugShaders NO-SOURCE
> Task :feature:connection:generateDebugAssets UP-TO-DATE
> Task :feature:connection:packageDebugAssets UP-TO-DATE
> Task :feature:credentials:mergeDebugShaders UP-TO-DATE
> Task :feature:credentials:compileDebugShaders NO-SOURCE
> Task :feature:credentials:generateDebugAssets UP-TO-DATE
> Task :feature:credentials:packageDebugAssets UP-TO-DATE
> Task :feature:favorites:mergeDebugShaders UP-TO-DATE
> Task :feature:favorites:compileDebugShaders NO-SOURCE
> Task :feature:favorites:generateDebugAssets UP-TO-DATE
> Task :feature:favorites:packageDebugAssets UP-TO-DATE
> Task :feature:forum:mergeDebugShaders UP-TO-DATE
> Task :feature:forum:compileDebugShaders NO-SOURCE
> Task :feature:forum:generateDebugAssets UP-TO-DATE
> Task :feature:forum:packageDebugAssets UP-TO-DATE
> Task :feature:login:mergeDebugShaders UP-TO-DATE
> Task :feature:login:compileDebugShaders NO-SOURCE
> Task :feature:login:generateDebugAssets UP-TO-DATE
> Task :feature:login:packageDebugAssets UP-TO-DATE
> Task :feature:main:mergeDebugShaders UP-TO-DATE
> Task :feature:main:compileDebugShaders NO-SOURCE
> Task :feature:main:generateDebugAssets UP-TO-DATE
> Task :feature:main:packageDebugAssets UP-TO-DATE
> Task :feature:menu:mergeDebugShaders UP-TO-DATE
> Task :feature:menu:compileDebugShaders NO-SOURCE
> Task :feature:menu:generateDebugAssets UP-TO-DATE
> Task :feature:menu:packageDebugAssets UP-TO-DATE
> Task :feature:onboarding:mergeDebugShaders UP-TO-DATE
> Task :feature:onboarding:compileDebugShaders NO-SOURCE
> Task :feature:onboarding:generateDebugAssets UP-TO-DATE
> Task :feature:onboarding:packageDebugAssets UP-TO-DATE
> Task :feature:rating:mergeDebugShaders UP-TO-DATE
> Task :feature:rating:compileDebugShaders NO-SOURCE
> Task :feature:rating:generateDebugAssets UP-TO-DATE
> Task :feature:rating:packageDebugAssets UP-TO-DATE
> Task :feature:search:mergeDebugShaders UP-TO-DATE
> Task :feature:search:compileDebugShaders NO-SOURCE
> Task :feature:search:generateDebugAssets UP-TO-DATE
> Task :feature:search:packageDebugAssets UP-TO-DATE
> Task :feature:search_input:mergeDebugShaders UP-TO-DATE
> Task :feature:search_input:compileDebugShaders NO-SOURCE
> Task :feature:search_input:generateDebugAssets UP-TO-DATE
> Task :feature:search_input:packageDebugAssets UP-TO-DATE
> Task :feature:search_result:mergeDebugShaders UP-TO-DATE
> Task :feature:search_result:compileDebugShaders NO-SOURCE
> Task :feature:search_result:generateDebugAssets UP-TO-DATE
> Task :feature:search_result:packageDebugAssets UP-TO-DATE
> Task :feature:topic:mergeDebugShaders UP-TO-DATE
> Task :feature:topic:compileDebugShaders NO-SOURCE
> Task :feature:topic:generateDebugAssets UP-TO-DATE
> Task :feature:topic:packageDebugAssets UP-TO-DATE
> Task :feature:tracker_settings:mergeDebugShaders UP-TO-DATE
> Task :feature:tracker_settings:compileDebugShaders NO-SOURCE
> Task :feature:tracker_settings:generateDebugAssets UP-TO-DATE
> Task :feature:tracker_settings:packageDebugAssets UP-TO-DATE
> Task :feature:visited:mergeDebugShaders UP-TO-DATE
> Task :feature:visited:compileDebugShaders NO-SOURCE
> Task :feature:visited:generateDebugAssets UP-TO-DATE
> Task :feature:visited:packageDebugAssets UP-TO-DATE
> Task :core:auth:impl:mergeDebugShaders UP-TO-DATE
> Task :core:auth:impl:compileDebugShaders NO-SOURCE
> Task :core:auth:impl:generateDebugAssets UP-TO-DATE
> Task :core:auth:impl:packageDebugAssets UP-TO-DATE
> Task :core:network:impl:mergeDebugShaders UP-TO-DATE
> Task :core:network:impl:compileDebugShaders NO-SOURCE
> Task :core:network:impl:generateDebugAssets UP-TO-DATE
> Task :core:network:impl:packageDebugAssets UP-TO-DATE
> Task :core:tracker:client:mergeDebugShaders UP-TO-DATE
> Task :core:tracker:client:compileDebugShaders NO-SOURCE
> Task :core:tracker:client:generateDebugAssets UP-TO-DATE
> Task :core:tracker:client:packageDebugAssets UP-TO-DATE
> Task :core:work:impl:mergeDebugShaders UP-TO-DATE
> Task :core:work:impl:compileDebugShaders NO-SOURCE
> Task :core:work:impl:generateDebugAssets UP-TO-DATE
> Task :core:work:impl:packageDebugAssets UP-TO-DATE
> Task :app:mergeDebugAssets UP-TO-DATE
> Task :app:compressDebugAssets UP-TO-DATE
> Task :core:auth:impl:bundleLibRuntimeToJarDebug UP-TO-DATE
> Task :core:work:impl:bundleLibRuntimeToJarDebug UP-TO-DATE
> Task :feature:menu:bundleLibRuntimeToJarDebug UP-TO-DATE
> Task :feature:bookmarks:bundleLibRuntimeToJarDebug UP-TO-DATE
> Task :feature:category:bundleLibRuntimeToJarDebug UP-TO-DATE
> Task :feature:favorites:bundleLibRuntimeToJarDebug UP-TO-DATE
> Task :feature:forum:bundleLibRuntimeToJarDebug UP-TO-DATE
> Task :feature:login:bundleLibRuntimeToJarDebug UP-TO-DATE
> Task :feature:onboarding:bundleLibRuntimeToJarDebug UP-TO-DATE
> Task :feature:main:bundleLibRuntimeToJarDebug UP-TO-DATE
> Task :feature:rating:bundleLibRuntimeToJarDebug UP-TO-DATE
> Task :feature:search:bundleLibRuntimeToJarDebug UP-TO-DATE
> Task :feature:search_input:bundleLibRuntimeToJarDebug UP-TO-DATE
> Task :feature:search_result:bundleLibRuntimeToJarDebug UP-TO-DATE
> Task :feature:topic:bundleLibRuntimeToJarDebug UP-TO-DATE
> Task :feature:credentials:bundleLibRuntimeToJarDebug UP-TO-DATE
> Task :feature:tracker_settings:bundleLibRuntimeToJarDebug UP-TO-DATE
> Task :feature:visited:bundleLibRuntimeToJarDebug UP-TO-DATE
> Task :core:network:impl:bundleLibRuntimeToJarDebug UP-TO-DATE
> Task :app:desugarDebugFileDependencies UP-TO-DATE
> Task :app:hiltAggregateDepsDebug UP-TO-DATE
> Task :app:hiltJavaCompileDebug UP-TO-DATE
> Task :app:transformDebugClassesWithAsm UP-TO-DATE
> Task :app:dexBuilderDebug UP-TO-DATE
> Task :app:mergeDebugGlobalSynthetics UP-TO-DATE
> Task :app:processDebugJavaRes UP-TO-DATE
> Task :core:credentials:processDebugJavaRes UP-TO-DATE
> Task :core:data:processDebugJavaRes UP-TO-DATE
> Task :core:database:processDebugJavaRes UP-TO-DATE
> Task :core:designsystem:processDebugJavaRes UP-TO-DATE
> Task :core:dispatchers:processDebugJavaRes UP-TO-DATE
> Task :core:domain:processDebugJavaRes UP-TO-DATE
> Task :core:downloads:processDebugJavaRes UP-TO-DATE
> Task :core:logger:processDebugJavaRes UP-TO-DATE
> Task :core:navigation:processDebugJavaRes UP-TO-DATE
> Task :core:notifications:processDebugJavaRes UP-TO-DATE
> Task :core:preferences:processDebugJavaRes UP-TO-DATE
> Task :core:ui:processDebugJavaRes UP-TO-DATE
> Task :feature:account:processDebugJavaRes UP-TO-DATE
> Task :feature:bookmarks:processDebugJavaRes UP-TO-DATE
> Task :feature:category:processDebugJavaRes UP-TO-DATE
> Task :feature:connection:processDebugJavaRes UP-TO-DATE
> Task :feature:credentials:processDebugJavaRes UP-TO-DATE
> Task :feature:favorites:processDebugJavaRes UP-TO-DATE
> Task :feature:forum:processDebugJavaRes UP-TO-DATE
> Task :feature:login:processDebugJavaRes UP-TO-DATE
> Task :feature:main:processDebugJavaRes UP-TO-DATE
> Task :feature:menu:processDebugJavaRes UP-TO-DATE
> Task :feature:onboarding:processDebugJavaRes UP-TO-DATE
> Task :feature:rating:processDebugJavaRes UP-TO-DATE
> Task :feature:search:processDebugJavaRes UP-TO-DATE
> Task :feature:search_input:processDebugJavaRes UP-TO-DATE
> Task :feature:search_result:processDebugJavaRes UP-TO-DATE
> Task :feature:topic:processDebugJavaRes UP-TO-DATE
> Task :feature:tracker_settings:processDebugJavaRes UP-TO-DATE
> Task :feature:visited:processDebugJavaRes UP-TO-DATE
> Task :core:auth:impl:processDebugJavaRes UP-TO-DATE
> Task :core:network:impl:processDebugJavaRes UP-TO-DATE
> Task :core:tracker:client:processDebugJavaRes UP-TO-DATE
> Task :core:work:impl:processDebugJavaRes UP-TO-DATE
> Task :app:mergeDebugJavaResource UP-TO-DATE
> Task :app:checkDebugDuplicateClasses UP-TO-DATE
> Task :app:mergeExtDexDebug UP-TO-DATE
> Task :app:mergeLibDexDebug UP-TO-DATE
> Task :app:mergeProjectDexDebug UP-TO-DATE
> Task :app:mergeDebugJniLibFolders UP-TO-DATE
> Task :core:credentials:mergeDebugJniLibFolders UP-TO-DATE
> Task :core:credentials:mergeDebugNativeLibs NO-SOURCE
> Task :core:credentials:copyDebugJniLibsProjectOnly UP-TO-DATE
> Task :core:data:mergeDebugJniLibFolders UP-TO-DATE
> Task :core:data:mergeDebugNativeLibs NO-SOURCE
> Task :core:data:copyDebugJniLibsProjectOnly UP-TO-DATE
> Task :core:database:mergeDebugJniLibFolders UP-TO-DATE
> Task :core:database:mergeDebugNativeLibs NO-SOURCE
> Task :core:database:copyDebugJniLibsProjectOnly UP-TO-DATE
> Task :core:designsystem:mergeDebugJniLibFolders UP-TO-DATE
> Task :core:designsystem:mergeDebugNativeLibs NO-SOURCE
> Task :core:designsystem:copyDebugJniLibsProjectOnly UP-TO-DATE
> Task :core:dispatchers:mergeDebugJniLibFolders UP-TO-DATE
> Task :core:dispatchers:mergeDebugNativeLibs NO-SOURCE
> Task :core:dispatchers:copyDebugJniLibsProjectOnly UP-TO-DATE
> Task :core:domain:mergeDebugJniLibFolders UP-TO-DATE
> Task :core:domain:mergeDebugNativeLibs NO-SOURCE
> Task :core:domain:copyDebugJniLibsProjectOnly UP-TO-DATE
> Task :core:downloads:mergeDebugJniLibFolders UP-TO-DATE
> Task :core:downloads:mergeDebugNativeLibs NO-SOURCE
> Task :core:downloads:copyDebugJniLibsProjectOnly UP-TO-DATE
> Task :core:logger:mergeDebugJniLibFolders UP-TO-DATE
> Task :core:logger:mergeDebugNativeLibs NO-SOURCE
> Task :core:logger:copyDebugJniLibsProjectOnly UP-TO-DATE
> Task :core:navigation:mergeDebugJniLibFolders UP-TO-DATE
> Task :core:navigation:mergeDebugNativeLibs NO-SOURCE
> Task :core:navigation:copyDebugJniLibsProjectOnly UP-TO-DATE
> Task :core:notifications:mergeDebugJniLibFolders UP-TO-DATE
> Task :core:notifications:mergeDebugNativeLibs NO-SOURCE
> Task :core:notifications:copyDebugJniLibsProjectOnly UP-TO-DATE
> Task :core:preferences:mergeDebugJniLibFolders UP-TO-DATE
> Task :core:preferences:mergeDebugNativeLibs NO-SOURCE
> Task :core:preferences:copyDebugJniLibsProjectOnly UP-TO-DATE
> Task :core:ui:mergeDebugJniLibFolders UP-TO-DATE
> Task :core:ui:mergeDebugNativeLibs NO-SOURCE
> Task :core:ui:copyDebugJniLibsProjectOnly UP-TO-DATE
> Task :feature:account:mergeDebugJniLibFolders UP-TO-DATE
> Task :feature:account:mergeDebugNativeLibs NO-SOURCE
> Task :feature:account:copyDebugJniLibsProjectOnly UP-TO-DATE
> Task :feature:bookmarks:mergeDebugJniLibFolders UP-TO-DATE
> Task :feature:bookmarks:mergeDebugNativeLibs NO-SOURCE
> Task :feature:bookmarks:copyDebugJniLibsProjectOnly UP-TO-DATE
> Task :feature:category:mergeDebugJniLibFolders UP-TO-DATE
> Task :feature:category:mergeDebugNativeLibs NO-SOURCE
> Task :feature:category:copyDebugJniLibsProjectOnly UP-TO-DATE
> Task :feature:connection:mergeDebugJniLibFolders UP-TO-DATE
> Task :feature:connection:mergeDebugNativeLibs NO-SOURCE
> Task :feature:connection:copyDebugJniLibsProjectOnly UP-TO-DATE
> Task :feature:credentials:mergeDebugJniLibFolders UP-TO-DATE
> Task :feature:credentials:mergeDebugNativeLibs NO-SOURCE
> Task :feature:credentials:copyDebugJniLibsProjectOnly UP-TO-DATE
> Task :feature:favorites:mergeDebugJniLibFolders UP-TO-DATE
> Task :feature:favorites:mergeDebugNativeLibs NO-SOURCE
> Task :feature:favorites:copyDebugJniLibsProjectOnly UP-TO-DATE
> Task :feature:forum:mergeDebugJniLibFolders UP-TO-DATE
> Task :feature:forum:mergeDebugNativeLibs NO-SOURCE
> Task :feature:forum:copyDebugJniLibsProjectOnly UP-TO-DATE
> Task :feature:login:mergeDebugJniLibFolders UP-TO-DATE
> Task :feature:login:mergeDebugNativeLibs NO-SOURCE
> Task :feature:login:copyDebugJniLibsProjectOnly UP-TO-DATE
> Task :feature:main:mergeDebugJniLibFolders UP-TO-DATE
> Task :feature:main:mergeDebugNativeLibs NO-SOURCE
> Task :feature:main:copyDebugJniLibsProjectOnly UP-TO-DATE
> Task :feature:menu:mergeDebugJniLibFolders UP-TO-DATE
> Task :feature:menu:mergeDebugNativeLibs NO-SOURCE
> Task :feature:menu:copyDebugJniLibsProjectOnly UP-TO-DATE
> Task :feature:onboarding:mergeDebugJniLibFolders UP-TO-DATE
> Task :feature:onboarding:mergeDebugNativeLibs NO-SOURCE
> Task :feature:onboarding:copyDebugJniLibsProjectOnly UP-TO-DATE
> Task :feature:rating:mergeDebugJniLibFolders UP-TO-DATE
> Task :feature:rating:mergeDebugNativeLibs NO-SOURCE
> Task :feature:rating:copyDebugJniLibsProjectOnly UP-TO-DATE
> Task :feature:search:mergeDebugJniLibFolders UP-TO-DATE
> Task :feature:search:mergeDebugNativeLibs NO-SOURCE
> Task :feature:search:copyDebugJniLibsProjectOnly UP-TO-DATE
> Task :feature:search_input:mergeDebugJniLibFolders UP-TO-DATE
> Task :feature:search_input:mergeDebugNativeLibs NO-SOURCE
> Task :feature:search_input:copyDebugJniLibsProjectOnly UP-TO-DATE
> Task :feature:search_result:mergeDebugJniLibFolders UP-TO-DATE
> Task :feature:search_result:mergeDebugNativeLibs NO-SOURCE
> Task :feature:search_result:copyDebugJniLibsProjectOnly UP-TO-DATE
> Task :feature:topic:mergeDebugJniLibFolders UP-TO-DATE
> Task :feature:topic:mergeDebugNativeLibs NO-SOURCE
> Task :feature:topic:copyDebugJniLibsProjectOnly UP-TO-DATE
> Task :feature:tracker_settings:mergeDebugJniLibFolders UP-TO-DATE
> Task :feature:tracker_settings:mergeDebugNativeLibs NO-SOURCE
> Task :feature:tracker_settings:copyDebugJniLibsProjectOnly UP-TO-DATE
> Task :feature:visited:mergeDebugJniLibFolders UP-TO-DATE
> Task :feature:visited:mergeDebugNativeLibs NO-SOURCE
> Task :feature:visited:copyDebugJniLibsProjectOnly UP-TO-DATE
> Task :core:auth:impl:mergeDebugJniLibFolders UP-TO-DATE
> Task :core:auth:impl:mergeDebugNativeLibs NO-SOURCE
> Task :core:auth:impl:copyDebugJniLibsProjectOnly UP-TO-DATE
> Task :core:network:impl:mergeDebugJniLibFolders UP-TO-DATE
> Task :core:network:impl:mergeDebugNativeLibs NO-SOURCE
> Task :core:network:impl:copyDebugJniLibsProjectOnly UP-TO-DATE
> Task :core:tracker:client:mergeDebugJniLibFolders UP-TO-DATE
> Task :core:tracker:client:mergeDebugNativeLibs NO-SOURCE
> Task :core:tracker:client:copyDebugJniLibsProjectOnly UP-TO-DATE
> Task :core:work:impl:mergeDebugJniLibFolders UP-TO-DATE
> Task :core:work:impl:mergeDebugNativeLibs NO-SOURCE
> Task :core:work:impl:copyDebugJniLibsProjectOnly UP-TO-DATE
> Task :app:mergeDebugNativeLibs UP-TO-DATE
> Task :app:stripDebugDebugSymbols UP-TO-DATE
> Task :app:validateSigningDebug UP-TO-DATE
> Task :app:writeDebugAppMetadata UP-TO-DATE
> Task :app:writeDebugSigningConfigVersions UP-TO-DATE
> Task :app:packageDebug UP-TO-DATE
> Task :app:createDebugApkListingFileRedirect UP-TO-DATE
> Task :app:assembleDebug UP-TO-DATE

Deprecated Gradle features were used in this build, making it incompatible with Gradle 9.0.

You can use '--warning-mode all' to show the individual deprecation warnings and determine if they come from your own scripts or plugins.

For more on this, please refer to https://docs.gradle.org/8.9/userguide/command_line_interface.html#sec:command_line_warnings in the Gradle documentation.

BUILD SUCCESSFUL in 33s
788 actionable tasks: 1 executed, 787 up-to-date
[3/3] Running matrix:
  AVDs:        CZ_API34_Phone:34:phone
  Test class:  lava.app.challenges.Challenge03AnonymousSearchOnRuTorTest
  Evidence:    .lava-ci-evidence/Lava-Android-1.2.13-1033/matrix-c03

[matrix-diag] target=localhost:5555 sdk="34" device="emu64xa"
[matrix-diag-devices] List of devices attached | 998fd36615e99484	device | emulator-5554	device | localhost:5555	device
[matrix] warning: screenshot capture failed for CZ_API34_Phone: adb screencap: exit status 255
Matrix run finished. Attestation: .lava-ci-evidence/Lava-Android-1.2.13-1033/matrix-c03/real-device-verification.json
  [1] CZ_API34_Phone            api=34 phone FAIL
       error: exit status 1
Gating: TRUE  (serial run, --dev=false — clause-6.I-clause-7-eligible)
MATRIX FAILED — at least one AVD did not pass. tag.sh MUST refuse this commit.
